0 info it worked if it ends with ok
1 verbose cli [ '/Users/evelynglandry/.node/bin/node',
1 verbose cli   '/Users/evelynglandry/.node/bin/npm',
1 verbose cli   'install',
1 verbose cli   '--save',
1 verbose cli   'mustache' ]
2 info using npm@1.4.28
3 info using node@v0.10.35
4 verbose cache add [ 'mustache', null ]
5 verbose cache add name=undefined spec="mustache" args=["mustache",null]
6 verbose parsed url { protocol: null,
6 verbose parsed url   slashes: null,
6 verbose parsed url   auth: null,
6 verbose parsed url   host: null,
6 verbose parsed url   port: null,
6 verbose parsed url   hostname: null,
6 verbose parsed url   hash: null,
6 verbose parsed url   search: null,
6 verbose parsed url   query: null,
6 verbose parsed url   pathname: 'mustache',
6 verbose parsed url   path: 'mustache',
6 verbose parsed url   href: 'mustache' }
7 silly lockFile e372423e-mustache mustache
8 verbose lock mustache /Users/evelynglandry/.npm/e372423e-mustache.lock
9 silly lockFile e372423e-mustache mustache
10 silly lockFile e372423e-mustache mustache
11 verbose addNamed [ 'mustache', '' ]
12 verbose addNamed [ null, '*' ]
13 silly lockFile 58264633-mustache mustache@
14 verbose lock mustache@ /Users/evelynglandry/.npm/58264633-mustache.lock
15 silly addNameRange { name: 'mustache', range: '*', hasData: false }
16 verbose request where is /mustache
17 verbose request registry https://registry.npmjs.org/
18 verbose request id c92f8c7c2e957312
19 verbose url raw /mustache
20 verbose url resolving [ 'https://registry.npmjs.org/', './mustache' ]
21 verbose url resolved https://registry.npmjs.org/mustache
22 verbose request where is https://registry.npmjs.org/mustache
23 info trying registry request attempt 1 at 03:43:43
24 verbose etag "BTTLNEM38URY0W0MCF03G4IOY"
25 http GET https://registry.npmjs.org/mustache
26 http 200 https://registry.npmjs.org/mustache
27 silly registry.get cb [ 200,
27 silly registry.get   { server: 'CouchDB/1.5.0 (Erlang OTP/R16B03)',
27 silly registry.get     etag: '"E70WHFAAV4G0VNS0F0I2N0E7T"',
27 silly registry.get     'content-type': 'application/json',
27 silly registry.get     'content-encoding': 'gzip',
27 silly registry.get     'cache-control': 'max-age=300',
27 silly registry.get     'content-length': '11052',
27 silly registry.get     'accept-ranges': 'bytes',
27 silly registry.get     date: 'Fri, 10 Jun 2016 10:43:43 GMT',
27 silly registry.get     via: '1.1 varnish',
27 silly registry.get     age: '195',
27 silly registry.get     connection: 'keep-alive',
27 silly registry.get     'x-served-by': 'cache-lax1422-LAX',
27 silly registry.get     'x-cache': 'HIT',
27 silly registry.get     'x-cache-hits': '1',
27 silly registry.get     'x-timer': 'S1465555423.877168,VS0,VE0',
27 silly registry.get     vary: 'Accept-Encoding' } ]
28 silly addNameRange number 2 { name: 'mustache', range: '*', hasData: true }
29 silly addNameRange versions [ 'mustache',
29 silly addNameRange   [ '0.3.1-dev',
29 silly addNameRange     '0.4.0',
29 silly addNameRange     '0.5.1-dev',
29 silly addNameRange     '0.5.2',
29 silly addNameRange     '0.6.0',
29 silly addNameRange     '0.7.0',
29 silly addNameRange     '0.7.1',
29 silly addNameRange     '0.7.2',
29 silly addNameRange     '0.7.3',
29 silly addNameRange     '0.8.0',
29 silly addNameRange     '0.8.1',
29 silly addNameRange     '0.8.2',
29 silly addNameRange     '1.0.0',
29 silly addNameRange     '1.1.0',
29 silly addNameRange     '1.2.0',
29 silly addNameRange     '2.0.0',
29 silly addNameRange     '2.1.0',
29 silly addNameRange     '2.1.1',
29 silly addNameRange     '2.1.2',
29 silly addNameRange     '2.1.3',
29 silly addNameRange     '2.2.0',
29 silly addNameRange     '2.2.1' ] ]
30 verbose addNamed [ 'mustache', '2.2.1' ]
31 verbose addNamed [ '2.2.1', '2.2.1' ]
32 silly lockFile ba50845c-mustache-2-2-1 mustache@2.2.1
33 verbose lock mustache@2.2.1 /Users/evelynglandry/.npm/ba50845c-mustache-2-2-1.lock
34 silly lockFile d9c39dd4--org-mustache-mustache-2-2-1-tgz https://registry.npmjs.org/mustache/-/mustache-2.2.1.tgz
35 verbose lock https://registry.npmjs.org/mustache/-/mustache-2.2.1.tgz /Users/evelynglandry/.npm/d9c39dd4--org-mustache-mustache-2-2-1-tgz.lock
36 verbose addRemoteTarball [ 'https://registry.npmjs.org/mustache/-/mustache-2.2.1.tgz',
36 verbose addRemoteTarball   '2c40ca21c278f53150682bcf9090e41a3339b876' ]
37 info retry fetch attempt 1 at 03:43:44
38 verbose fetch to= /var/folders/5q/xgnxt85c8xj9280059bjyft00000gp/T/npm-2292-nGrS-xgT/registry.npmjs.org/mustache/-/mustache-2.2.1.tgz
39 http GET https://registry.npmjs.org/mustache/-/mustache-2.2.1.tgz
40 http 200 https://registry.npmjs.org/mustache/-/mustache-2.2.1.tgz
41 silly lockFile d9c39dd4--org-mustache-mustache-2-2-1-tgz https://registry.npmjs.org/mustache/-/mustache-2.2.1.tgz
42 silly lockFile d9c39dd4--org-mustache-mustache-2-2-1-tgz https://registry.npmjs.org/mustache/-/mustache-2.2.1.tgz
43 silly lockFile ba50845c-mustache-2-2-1 mustache@2.2.1
44 silly lockFile ba50845c-mustache-2-2-1 mustache@2.2.1
45 silly lockFile 58264633-mustache mustache@
46 silly lockFile 58264633-mustache mustache@
47 error Error: EACCES, mkdir '/Users/evelynglandry/.npm/mustache/2.2.1'
47 error  { [Error: EACCES, mkdir '/Users/evelynglandry/.npm/mustache/2.2.1']
47 error   errno: 3,
47 error   code: 'EACCES',
47 error   path: '/Users/evelynglandry/.npm/mustache/2.2.1' }
48 error Please try running this command again as root/Administrator.
49 error System Darwin 11.4.2
50 error command "/Users/evelynglandry/.node/bin/node" "/Users/evelynglandry/.node/bin/npm" "install" "--save" "mustache"
51 error cwd /Users/evelynglandry/Javascript/projects/BackboneShapeDrawer
52 error node -v v0.10.35
53 error npm -v 1.4.28
54 error path /Users/evelynglandry/.npm/mustache/2.2.1
55 error code EACCES
56 error errno 3
57 error stack Error: EACCES, mkdir '/Users/evelynglandry/.npm/mustache/2.2.1'
58 verbose exit [ 3, true ]
